1708868379178	geckodriver	INFO	Listening on 127.0.0.1:60175
1708868379197	mozrunner::runner	INFO	Running command: MOZ_CRASHREPORTER="1" MOZ_CRASHREPORTER_NO_REPORT="1" MOZ_CRASHREPORTER_SHUTDOWN="1" MOZ_NO_REMOTE="1" "/usr ... te" "--remote-debugging-port" "39069" "--remote-allow-hosts" "localhost" "-no-remote" "-profile" "/tmp/rust_mozprofileAAoqUd"
1708868383208	Marionette	INFO	Marionette enabled
console.info: MINT: Trying to use the system region (based on LANG).
console.info: MINT: System region is IN
console.warn: SearchSettings: "get: No settings file exists, new profile?" (new NotFoundError("Could not open the file at /tmp/rust_mozprofileAAoqUd/search.json.mozlz4", (void 0)))
DevTools listening on ws://localhost:39069/devtools/browser/20fd9dbd-10ba-45c8-a0d4-3e6cd1ff188c
console.info: MINT: Loading search-config defaults.
1708868387573	Marionette	INFO	Listening on port 33955
1708868387681	Marionette	WARN	TLS certificate errors will be ignored for this session
JavaScript error: resource://gre/modules/TelemetryUtils.jsm, line 154: TypeError: date is undefined
1708868391380	Marionette	INFO	Stopped listening on port 33955
!!! error running onStopped callback: TypeError: callback is not a function

###!!! [Parent][RunMessage] Error: Channel closing: too late to send/recv, messages will be lost

1708868393133	RemoteAgent	ERROR	unable to stop listener: [Exception... "Component returned failure code: 0x8000ffff (NS_ERROR_UNEXPECTED) [nsIWindowMediator.getEnumerator]"  nsresult: "0x8000ffff (NS_ERROR_UNEXPECTED)"  location: "JS frame :: chrome://remote/content/cdp/observers/TargetObserver.jsm :: stop :: line 64"  data: no] Stack trace: stop()@TargetObserver.jsm:64
unwatchForTabs()@TargetList.jsm:70
unwatchForTargets()@TargetList.jsm:37
destructor()@TargetList.jsm:109
close()@RemoteAgent.jsm:136
1708868393449	geckodriver	INFO	Listening on 127.0.0.1:46227
1708868393956	mozrunner::runner	INFO	Running command: MOZ_CRASHREPORTER="1" MOZ_CRASHREPORTER_NO_REPORT="1" MOZ_CRASHREPORTER_SHUTDOWN="1" MOZ_NO_REMOTE="1" "/usr ... te" "--remote-debugging-port" "40785" "--remote-allow-hosts" "localhost" "-no-remote" "-profile" "/tmp/rust_mozprofile30mvcF"
1708868395176	Marionette	INFO	Marionette enabled
console.info: MINT: Trying to use the system region (based on LANG).
console.info: MINT: System region is IN
console.warn: SearchSettings: "get: No settings file exists, new profile?" (new NotFoundError("Could not open the file at /tmp/rust_mozprofile30mvcF/search.json.mozlz4", (void 0)))
DevTools listening on ws://localhost:40785/devtools/browser/cab426a4-83fb-48ab-b9ef-a0b429cb7c4b
1708868397541	Marionette	INFO	Listening on port 37313
1708868397626	Marionette	WARN	TLS certificate errors will be ignored for this session
console.info: MINT: Loading search-config defaults.
JavaScript error: resource://gre/modules/TelemetryUtils.jsm, line 154: TypeError: date is undefined
1708868400630	Marionette	INFO	Stopped listening on port 37313
!!! error running onStopped callback: TypeError: callback is not a function
1708868401306	RemoteAgent	ERROR	unable to stop listener: [Exception... "Component returned failure code: 0x8000ffff (NS_ERROR_UNEXPECTED) [nsIWindowMediator.getEnumerator]"  nsresult: "0x8000ffff (NS_ERROR_UNEXPECTED)"  location: "JS frame :: chrome://remote/content/cdp/observers/TargetObserver.jsm :: stop :: line 64"  data: no] Stack trace: stop()@TargetObserver.jsm:64
unwatchForTabs()@TargetList.jsm:70
unwatchForTargets()@TargetList.jsm:37
destructor()@TargetList.jsm:109
close()@RemoteAgent.jsm:136
1708869125417	geckodriver	INFO	Listening on 127.0.0.1:35461
1708869125920	mozrunner::runner	INFO	Running command: MOZ_CRASHREPORTER="1" MOZ_CRASHREPORTER_NO_REPORT="1" MOZ_CRASHREPORTER_SHUTDOWN="1" MOZ_NO_REMOTE="1" "/usr ... te" "--remote-debugging-port" "60025" "--remote-allow-hosts" "localhost" "-no-remote" "-profile" "/tmp/rust_mozprofilev2teu7"
1708869129125	Marionette	INFO	Marionette enabled
console.info: MINT: Trying to use the system region (based on LANG).
console.info: MINT: System region is IN
console.warn: SearchSettings: "get: No settings file exists, new profile?" (new NotFoundError("Could not open the file at /tmp/rust_mozprofilev2teu7/search.json.mozlz4", (void 0)))
DevTools listening on ws://localhost:60025/devtools/browser/8accca3c-e0a1-4313-ae28-b293833e22d8
console.info: MINT: Loading search-config defaults.
JavaScript error: resource://gre/modules/TelemetryUtils.jsm, line 154: TypeError: date is undefined
1708869133074	Marionette	INFO	Listening on port 38701
1708869133182	Marionette	WARN	TLS certificate errors will be ignored for this session
1708869137637	Marionette	INFO	Stopped listening on port 38701
!!! error running onStopped callback: TypeError: callback is not a function

###!!! [Parent][RunMessage] Error: Channel closing: too late to send/recv, messages will be lost

1708869138301	RemoteAgent	ERROR	unable to stop listener: [Exception... "Component returned failure code: 0x8000ffff (NS_ERROR_UNEXPECTED) [nsIWindowMediator.getEnumerator]"  nsresult: "0x8000ffff (NS_ERROR_UNEXPECTED)"  location: "JS frame :: chrome://remote/content/cdp/observers/TargetObserver.jsm :: stop :: line 64"  data: no] Stack trace: stop()@TargetObserver.jsm:64
unwatchForTabs()@TargetList.jsm:70
unwatchForTargets()@TargetList.jsm:37
destructor()@TargetList.jsm:109
close()@RemoteAgent.jsm:136
1708869138582	geckodriver	INFO	Listening on 127.0.0.1:51007
1708869139086	mozrunner::runner	INFO	Running command: MOZ_CRASHREPORTER="1" MOZ_CRASHREPORTER_NO_REPORT="1" MOZ_CRASHREPORTER_SHUTDOWN="1" MOZ_NO_REMOTE="1" "/usr ... te" "--remote-debugging-port" "44659" "--remote-allow-hosts" "localhost" "-no-remote" "-profile" "/tmp/rust_mozprofileFWhpDO"
1708869140551	Marionette	INFO	Marionette enabled
console.info: MINT: Trying to use the system region (based on LANG).
console.info: MINT: System region is IN
console.warn: SearchSettings: "get: No settings file exists, new profile?" (new NotFoundError("Could not open the file at /tmp/rust_mozprofileFWhpDO/search.json.mozlz4", (void 0)))
console.info: MINT: Loading search-config defaults.
DevTools listening on ws://localhost:44659/devtools/browser/1a8c58eb-f1eb-4648-9678-3c8219a4882a
JavaScript error: resource://gre/modules/TelemetryUtils.jsm, line 154: TypeError: date is undefined
1708869143679	Marionette	INFO	Listening on port 43551
1708869143735	Marionette	WARN	TLS certificate errors will be ignored for this session
1708869146336	Marionette	INFO	Stopped listening on port 43551
JavaScript error: resource://gre/modules/UrlClassifierListManager.jsm, line 691: TypeError: this.tablesData[table] is undefined
!!! error running onStopped callback: TypeError: callback is not a function
JavaScript error: resource://gre/modules/UrlClassifierListManager.jsm, line 446: NS_ERROR_NOT_INITIALIZED: Component returned failure code: 0xc1f30001 (NS_ERROR_NOT_INITIALIZED) [nsIUrlClassifierDBService.getTables]
1708869146942	RemoteAgent	ERROR	unable to stop listener: [Exception... "Component returned failure code: 0x8000ffff (NS_ERROR_UNEXPECTED) [nsIWindowMediator.getEnumerator]"  nsresult: "0x8000ffff (NS_ERROR_UNEXPECTED)"  location: "JS frame :: chrome://remote/content/cdp/observers/TargetObserver.jsm :: stop :: line 64"  data: no] Stack trace: stop()@TargetObserver.jsm:64
unwatchForTabs()@TargetList.jsm:70
unwatchForTargets()@TargetList.jsm:37
destructor()@TargetList.jsm:109
close()@RemoteAgent.jsm:136
1708869147232	geckodriver	INFO	Listening on 127.0.0.1:54885
1708869147737	mozrunner::runner	INFO	Running command: MOZ_CRASHREPORTER="1" MOZ_CRASHREPORTER_NO_REPORT="1" MOZ_CRASHREPORTER_SHUTDOWN="1" MOZ_NO_REMOTE="1" "/usr ... te" "--remote-debugging-port" "41657" "--remote-allow-hosts" "localhost" "-no-remote" "-profile" "/tmp/rust_mozprofilendH32v"
1708869149037	Marionette	INFO	Marionette enabled
console.info: MINT: Trying to use the system region (based on LANG).
console.info: MINT: System region is IN
console.warn: SearchSettings: "get: No settings file exists, new profile?" (new NotFoundError("Could not open the file at /tmp/rust_mozprofilendH32v/search.json.mozlz4", (void 0)))
console.info: MINT: Loading search-config defaults.
DevTools listening on ws://localhost:41657/devtools/browser/2a3af640-d41e-4831-82a8-847ab7a4ae1a
JavaScript error: resource://gre/modules/TelemetryUtils.jsm, line 154: TypeError: date is undefined
1708869152024	Marionette	INFO	Listening on port 41571
1708869152088	Marionette	WARN	TLS certificate errors will be ignored for this session
1708869154749	Marionette	INFO	Stopped listening on port 41571
!!! error running onStopped callback: TypeError: callback is not a function
1708869155370	RemoteAgent	ERROR	unable to stop listener: [Exception... "Component returned failure code: 0x8000ffff (NS_ERROR_UNEXPECTED) [nsIWindowMediator.getEnumerator]"  nsresult: "0x8000ffff (NS_ERROR_UNEXPECTED)"  location: "JS frame :: chrome://remote/content/cdp/observers/TargetObserver.jsm :: stop :: line 64"  data: no] Stack trace: stop()@TargetObserver.jsm:64
unwatchForTabs()@TargetList.jsm:70
unwatchForTargets()@TargetList.jsm:37
destructor()@TargetList.jsm:109
close()@RemoteAgent.jsm:136
1708869407429	geckodriver	INFO	Listening on 127.0.0.1:33055
1708869407435	mozrunner::runner	INFO	Running command: MOZ_CRASHREPORTER="1" MOZ_CRASHREPORTER_NO_REPORT="1" MOZ_CRASHREPORTER_SHUTDOWN="1" MOZ_NO_REMOTE="1" "/usr ... te" "--remote-debugging-port" "44093" "--remote-allow-hosts" "localhost" "-no-remote" "-profile" "/tmp/rust_mozprofilekN3gve"
1708869409299	Marionette	INFO	Marionette enabled
console.info: MINT: Trying to use the system region (based on LANG).
console.info: MINT: System region is IN
console.warn: SearchSettings: "get: No settings file exists, new profile?" (new NotFoundError("Could not open the file at /tmp/rust_mozprofilekN3gve/search.json.mozlz4", (void 0)))
console.info: MINT: Loading search-config defaults.
DevTools listening on ws://localhost:44093/devtools/browser/6529a6ee-b17d-4e04-a912-3198acda0800
JavaScript error: resource://gre/modules/TelemetryUtils.jsm, line 154: TypeError: date is undefined
1708869412794	Marionette	INFO	Listening on port 38113
1708869412868	Marionette	WARN	TLS certificate errors will be ignored for this session
1708869416457	Marionette	INFO	Stopped listening on port 38113
!!! error running onStopped callback: TypeError: callback is not a function

###!!! [Parent][RunMessage] Error: Channel closing: too late to send/recv, messages will be lost

1708869417122	RemoteAgent	ERROR	unable to stop listener: [Exception... "Component returned failure code: 0x8000ffff (NS_ERROR_UNEXPECTED) [nsIWindowMediator.getEnumerator]"  nsresult: "0x8000ffff (NS_ERROR_UNEXPECTED)"  location: "JS frame :: chrome://remote/content/cdp/observers/TargetObserver.jsm :: stop :: line 64"  data: no] Stack trace: stop()@TargetObserver.jsm:64
unwatchForTabs()@TargetList.jsm:70
unwatchForTargets()@TargetList.jsm:37
destructor()@TargetList.jsm:109
close()@RemoteAgent.jsm:136
1708869417423	geckodriver	INFO	Listening on 127.0.0.1:42787
1708869417923	mozrunner::runner	INFO	Running command: MOZ_CRASHREPORTER="1" MOZ_CRASHREPORTER_NO_REPORT="1" MOZ_CRASHREPORTER_SHUTDOWN="1" MOZ_NO_REMOTE="1" "/usr ... te" "--remote-debugging-port" "51517" "--remote-allow-hosts" "localhost" "-no-remote" "-profile" "/tmp/rust_mozprofiley6d6w6"
1708869419032	Marionette	INFO	Marionette enabled
console.info: MINT: Trying to use the system region (based on LANG).
console.info: MINT: System region is IN
console.warn: SearchSettings: "get: No settings file exists, new profile?" (new NotFoundError("Could not open the file at /tmp/rust_mozprofiley6d6w6/search.json.mozlz4", (void 0)))
console.info: MINT: Loading search-config defaults.
DevTools listening on ws://localhost:51517/devtools/browser/7254f72d-2fd7-4ed4-ba30-3bb3b5f811b0
JavaScript error: resource://gre/modules/TelemetryUtils.jsm, line 154: TypeError: date is undefined
1708869422047	Marionette	INFO	Listening on port 33905
1708869422093	Marionette	WARN	TLS certificate errors will be ignored for this session
1708869425139	Marionette	INFO	Stopped listening on port 33905
!!! error running onStopped callback: TypeError: callback is not a function
1708869426030	RemoteAgent	ERROR	unable to stop listener: [Exception... "Component returned failure code: 0x8000ffff (NS_ERROR_UNEXPECTED) [nsIWindowMediator.getEnumerator]"  nsresult: "0x8000ffff (NS_ERROR_UNEXPECTED)"  location: "JS frame :: chrome://remote/content/cdp/observers/TargetObserver.jsm :: stop :: line 64"  data: no] Stack trace: stop()@TargetObserver.jsm:64
unwatchForTabs()@TargetList.jsm:70
unwatchForTargets()@TargetList.jsm:37
destructor()@TargetList.jsm:109
close()@RemoteAgent.jsm:136
1708869426505	geckodriver	INFO	Listening on 127.0.0.1:51685
1708869427013	mozrunner::runner	INFO	Running command: MOZ_CRASHREPORTER="1" MOZ_CRASHREPORTER_NO_REPORT="1" MOZ_CRASHREPORTER_SHUTDOWN="1" MOZ_NO_REMOTE="1" "/usr ... te" "--remote-debugging-port" "43603" "--remote-allow-hosts" "localhost" "-no-remote" "-profile" "/tmp/rust_mozprofileeRsa38"
1708869428801	Marionette	INFO	Marionette enabled
console.info: MINT: Trying to use the system region (based on LANG).
console.info: MINT: System region is IN
console.warn: SearchSettings: "get: No settings file exists, new profile?" (new NotFoundError("Could not open the file at /tmp/rust_mozprofileeRsa38/search.json.mozlz4", (void 0)))
DevTools listening on ws://localhost:43603/devtools/browser/da8a68d7-216b-4151-9d0e-32803e948e0a
console.info: MINT: Loading search-config defaults.
1708869431291	Marionette	INFO	Listening on port 38797
JavaScript error: resource://gre/modules/TelemetryUtils.jsm, line 154: TypeError: date is undefined
1708869431373	Marionette	WARN	TLS certificate errors will be ignored for this session
1708869434600	Marionette	INFO	Stopped listening on port 38797
!!! error running onStopped callback: TypeError: callback is not a function

###!!! [Parent][RunMessage] Error: Channel closing: too late to send/recv, messages will be lost

1708869435531	RemoteAgent	ERROR	unable to stop listener: [Exception... "Component returned failure code: 0x8000ffff (NS_ERROR_UNEXPECTED) [nsIWindowMediator.getEnumerator]"  nsresult: "0x8000ffff (NS_ERROR_UNEXPECTED)"  location: "JS frame :: chrome://remote/content/cdp/observers/TargetObserver.jsm :: stop :: line 64"  data: no] Stack trace: stop()@TargetObserver.jsm:64
unwatchForTabs()@TargetList.jsm:70
unwatchForTargets()@TargetList.jsm:37
destructor()@TargetList.jsm:109
close()@RemoteAgent.jsm:136
1708869448037	geckodriver	INFO	Listening on 127.0.0.1:58587
1708869448043	mozrunner::runner	INFO	Running command: MOZ_CRASHREPORTER="1" MOZ_CRASHREPORTER_NO_REPORT="1" MOZ_CRASHREPORTER_SHUTDOWN="1" MOZ_NO_REMOTE="1" "/usr ... te" "--remote-debugging-port" "44543" "--remote-allow-hosts" "localhost" "-no-remote" "-profile" "/tmp/rust_mozprofileP7Utt6"
1708869449492	Marionette	INFO	Marionette enabled
console.info: MINT: Trying to use the system region (based on LANG).
console.info: MINT: System region is IN
console.warn: SearchSettings: "get: No settings file exists, new profile?" (new NotFoundError("Could not open the file at /tmp/rust_mozprofileP7Utt6/search.json.mozlz4", (void 0)))
console.info: MINT: Loading search-config defaults.
DevTools listening on ws://localhost:44543/devtools/browser/5acea42d-3ca9-41ab-98f0-a4e795e012b1
JavaScript error: resource://gre/modules/TelemetryUtils.jsm, line 154: TypeError: date is undefined
1708869452028	Marionette	INFO	Listening on port 45513
1708869452103	Marionette	WARN	TLS certificate errors will be ignored for this session
1708869455473	Marionette	INFO	Stopped listening on port 45513
!!! error running onStopped callback: TypeError: callback is not a function
1708869456086	RemoteAgent	ERROR	unable to stop listener: [Exception... "Component returned failure code: 0x8000ffff (NS_ERROR_UNEXPECTED) [nsIWindowMediator.getEnumerator]"  nsresult: "0x8000ffff (NS_ERROR_UNEXPECTED)"  location: "JS frame :: chrome://remote/content/cdp/observers/TargetObserver.jsm :: stop :: line 64"  data: no] Stack trace: stop()@TargetObserver.jsm:64
unwatchForTabs()@TargetList.jsm:70
unwatchForTargets()@TargetList.jsm:37
destructor()@TargetList.jsm:109
close()@RemoteAgent.jsm:136
1708869456413	geckodriver	INFO	Listening on 127.0.0.1:33527
1708869456921	mozrunner::runner	INFO	Running command: MOZ_CRASHREPORTER="1" MOZ_CRASHREPORTER_NO_REPORT="1" MOZ_CRASHREPORTER_SHUTDOWN="1" MOZ_NO_REMOTE="1" "/usr ... te" "--remote-debugging-port" "45841" "--remote-allow-hosts" "localhost" "-no-remote" "-profile" "/tmp/rust_mozprofilezSZbvC"
1708869458049	Marionette	INFO	Marionette enabled
console.info: MINT: Trying to use the system region (based on LANG).
console.info: MINT: System region is IN
console.warn: SearchSettings: "get: No settings file exists, new profile?" (new NotFoundError("Could not open the file at /tmp/rust_mozprofilezSZbvC/search.json.mozlz4", (void 0)))
console.info: MINT: Loading search-config defaults.
JavaScript error: resource://gre/modules/TelemetryUtils.jsm, line 154: TypeError: date is undefined
DevTools listening on ws://localhost:45841/devtools/browser/86a168da-b3fb-4003-9757-cc580a8be5ab
1708869461012	Marionette	INFO	Listening on port 40709
1708869461072	Marionette	WARN	TLS certificate errors will be ignored for this session
1708869463796	Marionette	INFO	Stopped listening on port 40709
!!! error running onStopped callback: TypeError: callback is not a function
1708869464817	RemoteAgent	ERROR	unable to stop listener: [Exception... "Component returned failure code: 0x8000ffff (NS_ERROR_UNEXPECTED) [nsIWindowMediator.getEnumerator]"  nsresult: "0x8000ffff (NS_ERROR_UNEXPECTED)"  location: "JS frame :: chrome://remote/content/cdp/observers/TargetObserver.jsm :: stop :: line 64"  data: no] Stack trace: stop()@TargetObserver.jsm:64
unwatchForTabs()@TargetList.jsm:70
unwatchForTargets()@TargetList.jsm:37
destructor()@TargetList.jsm:109
close()@RemoteAgent.jsm:136
1708869465434	geckodriver	INFO	Listening on 127.0.0.1:41397
1708869465941	mozrunner::runner	INFO	Running command: MOZ_CRASHREPORTER="1" MOZ_CRASHREPORTER_NO_REPORT="1" MOZ_CRASHREPORTER_SHUTDOWN="1" MOZ_NO_REMOTE="1" "/usr ... te" "--remote-debugging-port" "40967" "--remote-allow-hosts" "localhost" "-no-remote" "-profile" "/tmp/rust_mozprofilei6DBgq"
1708869467330	Marionette	INFO	Marionette enabled
console.info: MINT: Trying to use the system region (based on LANG).
console.info: MINT: System region is IN
console.warn: SearchSettings: "get: No settings file exists, new profile?" (new NotFoundError("Could not open the file at /tmp/rust_mozprofilei6DBgq/search.json.mozlz4", (void 0)))
console.info: MINT: Loading search-config defaults.
JavaScript error: resource://gre/modules/TelemetryUtils.jsm, line 154: TypeError: date is undefined
DevTools listening on ws://localhost:40967/devtools/browser/91fefa33-d7f0-45af-9740-3c09599267a0
1708869469944	Marionette	INFO	Listening on port 45819
1708869470045	Marionette	WARN	TLS certificate errors will be ignored for this session
1708869472731	Marionette	INFO	Stopped listening on port 45819
!!! error running onStopped callback: TypeError: callback is not a function
1708869473349	RemoteAgent	ERROR	unable to stop listener: [Exception... "Component returned failure code: 0x8000ffff (NS_ERROR_UNEXPECTED) [nsIWindowMediator.getEnumerator]"  nsresult: "0x8000ffff (NS_ERROR_UNEXPECTED)"  location: "JS frame :: chrome://remote/content/cdp/observers/TargetObserver.jsm :: stop :: line 64"  data: no] Stack trace: stop()@TargetObserver.jsm:64
unwatchForTabs()@TargetList.jsm:70
unwatchForTargets()@TargetList.jsm:37
destructor()@TargetList.jsm:109
close()@RemoteAgent.jsm:136
1708869509354	geckodriver	INFO	Listening on 127.0.0.1:35591
1708869509861	mozrunner::runner	INFO	Running command: MOZ_CRASHREPORTER="1" MOZ_CRASHREPORTER_NO_REPORT="1" MOZ_CRASHREPORTER_SHUTDOWN="1" MOZ_NO_REMOTE="1" "/usr ... te" "--remote-debugging-port" "33931" "--remote-allow-hosts" "localhost" "-no-remote" "-profile" "/tmp/rust_mozprofilecQpldP"
1708869511262	Marionette	INFO	Marionette enabled
console.info: MINT: Trying to use the system region (based on LANG).
console.info: MINT: System region is IN
console.warn: SearchSettings: "get: No settings file exists, new profile?" (new NotFoundError("Could not open the file at /tmp/rust_mozprofilecQpldP/search.json.mozlz4", (void 0)))
DevTools listening on ws://localhost:33931/devtools/browser/f5a8b6c1-12e3-4ccc-92e8-4eeb612ce56a
1708869514638	Marionette	INFO	Listening on port 46485
1708869514719	Marionette	WARN	TLS certificate errors will be ignored for this session
console.info: MINT: Loading search-config defaults.
JavaScript error: resource://gre/modules/TelemetryUtils.jsm, line 154: TypeError: date is undefined
1708869519305	Marionette	INFO	Stopped listening on port 46485
!!! error running onStopped callback: TypeError: callback is not a function
1708869520013	RemoteAgent	ERROR	unable to stop listener: [Exception... "Component returned failure code: 0x8000ffff (NS_ERROR_UNEXPECTED) [nsIWindowMediator.getEnumerator]"  nsresult: "0x8000ffff (NS_ERROR_UNEXPECTED)"  location: "JS frame :: chrome://remote/content/cdp/observers/TargetObserver.jsm :: stop :: line 64"  data: no] Stack trace: stop()@TargetObserver.jsm:64
unwatchForTabs()@TargetList.jsm:70
unwatchForTargets()@TargetList.jsm:37
destructor()@TargetList.jsm:109
close()@RemoteAgent.jsm:136
1708869528550	geckodriver	INFO	Listening on 127.0.0.1:51503
1708869529076	mozrunner::runner	INFO	Running command: MOZ_CRASHREPORTER="1" MOZ_CRASHREPORTER_NO_REPORT="1" MOZ_CRASHREPORTER_SHUTDOWN="1" MOZ_NO_REMOTE="1" "/usr ... te" "--remote-debugging-port" "48085" "--remote-allow-hosts" "localhost" "-no-remote" "-profile" "/tmp/rust_mozprofileTRp6Ne"
1708869530630	Marionette	INFO	Marionette enabled
console.info: MINT: Trying to use the system region (based on LANG).
console.info: MINT: System region is IN
console.warn: SearchSettings: "get: No settings file exists, new profile?" (new NotFoundError("Could not open the file at /tmp/rust_mozprofileTRp6Ne/search.json.mozlz4", (void 0)))
console.info: MINT: Loading search-config defaults.
JavaScript error: resource://gre/modules/TelemetryUtils.jsm, line 154: TypeError: date is undefined
DevTools listening on ws://localhost:48085/devtools/browser/735e471e-af3c-47ed-8a90-7344a4f8a963
1708869534374	Marionette	INFO	Listening on port 34677
1708869534464	Marionette	WARN	TLS certificate errors will be ignored for this session
1708869537374	Marionette	INFO	Stopped listening on port 34677
JavaScript error: resource://gre/modules/UrlClassifierListManager.jsm, line 691: TypeError: this.tablesData[table] is undefined
!!! error running onStopped callback: TypeError: callback is not a function
JavaScript error: resource://gre/modules/UrlClassifierListManager.jsm, line 446: NS_ERROR_NOT_INITIALIZED: Component returned failure code: 0xc1f30001 (NS_ERROR_NOT_INITIALIZED) [nsIUrlClassifierDBService.getTables]

###!!! [Parent][RunMessage] Error: Channel closing: too late to send/recv, messages will be lost

1708869538087	RemoteAgent	ERROR	unable to stop listener: [Exception... "Component returned failure code: 0x8000ffff (NS_ERROR_UNEXPECTED) [nsIWindowMediator.getEnumerator]"  nsresult: "0x8000ffff (NS_ERROR_UNEXPECTED)"  location: "JS frame :: chrome://remote/content/cdp/observers/TargetObserver.jsm :: stop :: line 64"  data: no] Stack trace: stop()@TargetObserver.jsm:64
unwatchForTabs()@TargetList.jsm:70
unwatchForTargets()@TargetList.jsm:37
destructor()@TargetList.jsm:109
close()@RemoteAgent.jsm:136
1708869538425	geckodriver	INFO	Listening on 127.0.0.1:36145
1708869538931	mozrunner::runner	INFO	Running command: MOZ_CRASHREPORTER="1" MOZ_CRASHREPORTER_NO_REPORT="1" MOZ_CRASHREPORTER_SHUTDOWN="1" MOZ_NO_REMOTE="1" "/usr ... te" "--remote-debugging-port" "45303" "--remote-allow-hosts" "localhost" "-no-remote" "-profile" "/tmp/rust_mozprofilevh8MoE"
1708869539980	Marionette	INFO	Marionette enabled
console.info: MINT: Trying to use the system region (based on LANG).
console.info: MINT: System region is IN
console.warn: SearchSettings: "get: No settings file exists, new profile?" (new NotFoundError("Could not open the file at /tmp/rust_mozprofilevh8MoE/search.json.mozlz4", (void 0)))
console.info: MINT: Loading search-config defaults.
DevTools listening on ws://localhost:45303/devtools/browser/e17dc19f-e7d4-46d5-b3a6-f5d95b925206
JavaScript error: resource://gre/modules/TelemetryUtils.jsm, line 154: TypeError: date is undefined
1708869542714	Marionette	INFO	Listening on port 44533
1708869542786	Marionette	WARN	TLS certificate errors will be ignored for this session
1708869545402	Marionette	INFO	Stopped listening on port 44533
!!! error running onStopped callback: TypeError: callback is not a function
JavaScript error: resource://gre/modules/UrlClassifierListManager.jsm, line 446: NS_ERROR_NOT_INITIALIZED: Component returned failure code: 0xc1f30001 (NS_ERROR_NOT_INITIALIZED) [nsIUrlClassifierDBService.getTables]
1708869546132	RemoteAgent	ERROR	unable to stop listener: [Exception... "Component returned failure code: 0x8000ffff (NS_ERROR_UNEXPECTED) [nsIWindowMediator.getEnumerator]"  nsresult: "0x8000ffff (NS_ERROR_UNEXPECTED)"  location: "JS frame :: chrome://remote/content/cdp/observers/TargetObserver.jsm :: stop :: line 64"  data: no] Stack trace: stop()@TargetObserver.jsm:64
unwatchForTabs()@TargetList.jsm:70
unwatchForTargets()@TargetList.jsm:37
destructor()@TargetList.jsm:109
close()@RemoteAgent.jsm:136
1708869740782	geckodriver	INFO	Listening on 127.0.0.1:58253
1708869740783	geckodriver	INFO	Listening on 127.0.0.1:53359
1708869740792	geckodriver	INFO	Listening on 127.0.0.1:34449
1708869741299	mozrunner::runner	INFO	Running command: MOZ_CRASHREPORTER="1" MOZ_CRASHREPORTER_NO_REPORT="1" MOZ_CRASHREPORTER_SHUTDOWN="1" MOZ_NO_REMOTE="1" "/usr ... te" "--remote-debugging-port" "57143" "--remote-allow-hosts" "localhost" "-no-remote" "-profile" "/tmp/rust_mozprofile50AwWR"
1708869741299	mozrunner::runner	INFO	Running command: MOZ_CRASHREPORTER="1" MOZ_CRASHREPORTER_NO_REPORT="1" MOZ_CRASHREPORTER_SHUTDOWN="1" MOZ_NO_REMOTE="1" "/usr ... te" "--remote-debugging-port" "59503" "--remote-allow-hosts" "localhost" "-no-remote" "-profile" "/tmp/rust_mozprofileYgaJAF"
1708869741303	mozrunner::runner	INFO	Running command: MOZ_CRASHREPORTER="1" MOZ_CRASHREPORTER_NO_REPORT="1" MOZ_CRASHREPORTER_SHUTDOWN="1" MOZ_NO_REMOTE="1" "/usr ... te" "--remote-debugging-port" "37529" "--remote-allow-hosts" "localhost" "-no-remote" "-profile" "/tmp/rust_mozprofileyGza1F"
1708869747626	Marionette	INFO	Marionette enabled
1708869747629	Marionette	INFO	Marionette enabled
1708869747632	Marionette	INFO	Marionette enabled
console.info: MINT: Trying to use the system region (based on LANG).
console.info: MINT: System region is IN
console.info: MINT: Trying to use the system region (based on LANG).
console.info: MINT: System region is IN
console.info: MINT: Trying to use the system region (based on LANG).
console.info: MINT: System region is IN
console.warn: SearchSettings: "get: No settings file exists, new profile?" (new NotFoundError("Could not open the file at /tmp/rust_mozprofileyGza1F/search.json.mozlz4", (void 0)))
console.warn: SearchSettings: "get: No settings file exists, new profile?" (new NotFoundError("Could not open the file at /tmp/rust_mozprofileYgaJAF/search.json.mozlz4", (void 0)))
console.warn: SearchSettings: "get: No settings file exists, new profile?" (new NotFoundError("Could not open the file at /tmp/rust_mozprofile50AwWR/search.json.mozlz4", (void 0)))
DevTools listening on ws://localhost:57143/devtools/browser/f8094961-bd9e-488c-aeb9-c47b4c612aff
DevTools listening on ws://localhost:59503/devtools/browser/cf58c858-04f2-403d-a098-0b34760411df
DevTools listening on ws://localhost:37529/devtools/browser/776fce71-a63d-49d0-aacd-d39dbaf1c95a
1708869754277	Marionette	INFO	Listening on port 33513
1708869754457	Marionette	INFO	Listening on port 38653
1708869754459	Marionette	INFO	Listening on port 42897
1708869754480	Marionette	WARN	TLS certificate errors will be ignored for this session
1708869754517	Marionette	WARN	TLS certificate errors will be ignored for this session
1708869754555	Marionette	WARN	TLS certificate errors will be ignored for this session
console.info: MINT: Loading search-config defaults.
JavaScript error: resource://gre/modules/TelemetryUtils.jsm, line 154: TypeError: date is undefined
console.info: MINT: Loading search-config defaults.
JavaScript error: resource://gre/modules/TelemetryUtils.jsm, line 154: TypeError: date is undefined
console.info: MINT: Loading search-config defaults.
JavaScript error: resource://gre/modules/TelemetryUtils.jsm, line 154: TypeError: date is undefined
1708869759584	Marionette	INFO	Stopped listening on port 38653
1708869760642	Marionette	INFO	Stopped listening on port 42897
1708869761196	Marionette	INFO	Stopped listening on port 33513
!!! error running onStopped callback: TypeError: callback is not a function
!!! error running onStopped callback: TypeError: callback is not a function
!!! error running onStopped callback: TypeError: callback is not a function
1708869762285	RemoteAgent	ERROR	unable to stop listener: [Exception... "Component returned failure code: 0x8000ffff (NS_ERROR_UNEXPECTED) [nsIWindowMediator.getEnumerator]"  nsresult: "0x8000ffff (NS_ERROR_UNEXPECTED)"  location: "JS frame :: chrome://remote/content/cdp/observers/TargetObserver.jsm :: stop :: line 64"  data: no] Stack trace: stop()@TargetObserver.jsm:64
unwatchForTabs()@TargetList.jsm:70
unwatchForTargets()@TargetList.jsm:37
destructor()@TargetList.jsm:109
close()@RemoteAgent.jsm:136
1708869762379	RemoteAgent	ERROR	unable to stop listener: [Exception... "Component returned failure code: 0x8000ffff (NS_ERROR_UNEXPECTED) [nsIWindowMediator.getEnumerator]"  nsresult: "0x8000ffff (NS_ERROR_UNEXPECTED)"  location: "JS frame :: chrome://remote/content/cdp/observers/TargetObserver.jsm :: stop :: line 64"  data: no] Stack trace: stop()@TargetObserver.jsm:64
unwatchForTabs()@TargetList.jsm:70
unwatchForTargets()@TargetList.jsm:37
destructor()@TargetList.jsm:109
close()@RemoteAgent.jsm:136
1708869762393	RemoteAgent	ERROR	unable to stop listener: [Exception... "Component returned failure code: 0x8000ffff (NS_ERROR_UNEXPECTED) [nsIWindowMediator.getEnumerator]"  nsresult: "0x8000ffff (NS_ERROR_UNEXPECTED)"  location: "JS frame :: chrome://remote/content/cdp/observers/TargetObserver.jsm :: stop :: line 64"  data: no] Stack trace: stop()@TargetObserver.jsm:64
unwatchForTabs()@TargetList.jsm:70
unwatchForTargets()@TargetList.jsm:37
destructor()@TargetList.jsm:109
close()@RemoteAgent.jsm:136
1708869807463	geckodriver	INFO	Listening on 127.0.0.1:40201
1708869807547	mozrunner::runner	INFO	Running command: MOZ_CRASHREPORTER="1" MOZ_CRASHREPORTER_NO_REPORT="1" MOZ_CRASHREPORTER_SHUTDOWN="1" MOZ_NO_REMOTE="1" "/usr ... te" "--remote-debugging-port" "40155" "--remote-allow-hosts" "localhost" "-no-remote" "-profile" "/tmp/rust_mozprofileMr9g9s"
1708869809073	Marionette	INFO	Marionette enabled
console.info: MINT: Trying to use the system region (based on LANG).
console.info: MINT: System region is IN
console.warn: SearchSettings: "get: No settings file exists, new profile?" (new NotFoundError("Could not open the file at /tmp/rust_mozprofileMr9g9s/search.json.mozlz4", (void 0)))
console.info: MINT: Loading search-config defaults.
DevTools listening on ws://localhost:40155/devtools/browser/ae4ccaac-75e9-4dac-98c4-696a5cf88197
JavaScript error: resource://gre/modules/TelemetryUtils.jsm, line 154: TypeError: date is undefined
1708869813736	geckodriver	INFO	Listening on 127.0.0.1:47667
1708869813914	Marionette	INFO	Listening on port 42563
1708869813940	Marionette	WARN	TLS certificate errors will be ignored for this session
1708869814241	mozrunner::runner	INFO	Running command: MOZ_CRASHREPORTER="1" MOZ_CRASHREPORTER_NO_REPORT="1" MOZ_CRASHREPORTER_SHUTDOWN="1" MOZ_NO_REMOTE="1" "/usr ... te" "--remote-debugging-port" "52409" "--remote-allow-hosts" "localhost" "-no-remote" "-profile" "/tmp/rust_mozprofileZ8yoGQ"
1708869815455	Marionette	INFO	Marionette enabled
console.info: MINT: Trying to use the system region (based on LANG).
console.info: MINT: System region is IN
console.warn: SearchSettings: "get: No settings file exists, new profile?" (new NotFoundError("Could not open the file at /tmp/rust_mozprofileZ8yoGQ/search.json.mozlz4", (void 0)))
DevTools listening on ws://localhost:52409/devtools/browser/ec41dff4-e429-41c0-8a61-158414816792
1708869817982	Marionette	INFO	Stopped listening on port 42563
!!! error running onStopped callback: TypeError: callback is not a function
1708869818386	Marionette	INFO	Listening on port 41031
1708869818511	Marionette	WARN	TLS certificate errors will be ignored for this session
1708869818740	RemoteAgent	ERROR	unable to stop listener: [Exception... "Component returned failure code: 0x8000ffff (NS_ERROR_UNEXPECTED) [nsIWindowMediator.getEnumerator]"  nsresult: "0x8000ffff (NS_ERROR_UNEXPECTED)"  location: "JS frame :: chrome://remote/content/cdp/observers/TargetObserver.jsm :: stop :: line 64"  data: no] Stack trace: stop()@TargetObserver.jsm:64
unwatchForTabs()@TargetList.jsm:70
unwatchForTargets()@TargetList.jsm:37
destructor()@TargetList.jsm:109
close()@RemoteAgent.jsm:136
1708869818921	geckodriver	INFO	Listening on 127.0.0.1:36217
console.info: MINT: Loading search-config defaults.
JavaScript error: resource://gre/modules/TelemetryUtils.jsm, line 154: TypeError: date is undefined
1708869819428	mozrunner::runner	INFO	Running command: MOZ_CRASHREPORTER="1" MOZ_CRASHREPORTER_NO_REPORT="1" MOZ_CRASHREPORTER_SHUTDOWN="1" MOZ_NO_REMOTE="1" "/usr ... te" "--remote-debugging-port" "57497" "--remote-allow-hosts" "localhost" "-no-remote" "-profile" "/tmp/rust_mozprofileUNetqm"
1708869820757	Marionette	INFO	Marionette enabled
1708869821282	Marionette	INFO	Stopped listening on port 41031
JavaScript error: resource://gre/modules/UrlClassifierListManager.jsm, line 691: TypeError: this.tablesData[table] is undefined
!!! error running onStopped callback: TypeError: callback is not a function
JavaScript error: resource://gre/modules/UrlClassifierListManager.jsm, line 446: NS_ERROR_NOT_INITIALIZED: Component returned failure code: 0xc1f30001 (NS_ERROR_NOT_INITIALIZED) [nsIUrlClassifierDBService.getTables]
1708869822155	RemoteAgent	ERROR	unable to stop listener: [Exception... "Component returned failure code: 0x8000ffff (NS_ERROR_UNEXPECTED) [nsIWindowMediator.getEnumerator]"  nsresult: "0x8000ffff (NS_ERROR_UNEXPECTED)"  location: "JS frame :: chrome://remote/content/cdp/observers/TargetObserver.jsm :: stop :: line 64"  data: no] Stack trace: stop()@TargetObserver.jsm:64
unwatchForTabs()@TargetList.jsm:70
unwatchForTargets()@TargetList.jsm:37
destructor()@TargetList.jsm:109
close()@RemoteAgent.jsm:136
console.info: MINT: Trying to use the system region (based on LANG).
console.info: MINT: System region is IN
console.warn: SearchSettings: "get: No settings file exists, new profile?" (new NotFoundError("Could not open the file at /tmp/rust_mozprofileUNetqm/search.json.mozlz4", (void 0)))
console.info: MINT: Loading search-config defaults.
JavaScript error: resource://gre/modules/TelemetryUtils.jsm, line 154: TypeError: date is undefined
DevTools listening on ws://localhost:57497/devtools/browser/66a06ddc-8494-4e74-9afb-a417468bae7a
1708869824111	Marionette	INFO	Listening on port 39775
1708869824199	Marionette	WARN	TLS certificate errors will be ignored for this session
1708869826670	Marionette	INFO	Stopped listening on port 39775
JavaScript error: resource://gre/modules/UrlClassifierListManager.jsm, line 691: TypeError: this.tablesData[table] is undefined
!!! error running onStopped callback: TypeError: callback is not a function
JavaScript error: resource://gre/modules/UrlClassifierListManager.jsm, line 446: NS_ERROR_NOT_INITIALIZED: Component returned failure code: 0xc1f30001 (NS_ERROR_NOT_INITIALIZED) [nsIUrlClassifierDBService.getTables]
1708869827377	RemoteAgent	ERROR	unable to stop listener: [Exception... "Component returned failure code: 0x8000ffff (NS_ERROR_UNEXPECTED) [nsIWindowMediator.getEnumerator]"  nsresult: "0x8000ffff (NS_ERROR_UNEXPECTED)"  location: "JS frame :: chrome://remote/content/cdp/observers/TargetObserver.jsm :: stop :: line 64"  data: no] Stack trace: stop()@TargetObserver.jsm:64
unwatchForTabs()@TargetList.jsm:70
unwatchForTargets()@TargetList.jsm:37
destructor()@TargetList.jsm:109
close()@RemoteAgent.jsm:136
1708968978220	geckodriver	INFO	Listening on 127.0.0.1:34703
1708968978727	mozrunner::runner	INFO	Running command: MOZ_CRASHREPORTER="1" MOZ_CRASHREPORTER_NO_REPORT="1" MOZ_CRASHREPORTER_SHUTDOWN="1" MOZ_NO_REMOTE="1" "/usr ... te" "--remote-debugging-port" "55511" "--remote-allow-hosts" "localhost" "-no-remote" "-profile" "/tmp/rust_mozprofileO9qcjk"
1708968981369	Marionette	INFO	Marionette enabled
console.info: MINT: Trying to use the system region (based on LANG).
console.info: MINT: System region is IN
console.warn: SearchSettings: "get: No settings file exists, new profile?" (new NotFoundError("Could not open the file at /tmp/rust_mozprofileO9qcjk/search.json.mozlz4", (void 0)))
console.info: MINT: Loading search-config defaults.
DevTools listening on ws://localhost:55511/devtools/browser/130521db-deec-481f-b325-b2982831e283
JavaScript error: resource://gre/modules/TelemetryUtils.jsm, line 154: TypeError: date is undefined
1708968985996	Marionette	INFO	Listening on port 43179
1708968986087	Marionette	WARN	TLS certificate errors will be ignored for this session
1708968989087	Marionette	INFO	Stopped listening on port 43179
!!! error running onStopped callback: TypeError: callback is not a function
1708968990234	RemoteAgent	ERROR	unable to stop listener: [Exception... "Component returned failure code: 0x8000ffff (NS_ERROR_UNEXPECTED) [nsIWindowMediator.getEnumerator]"  nsresult: "0x8000ffff (NS_ERROR_UNEXPECTED)"  location: "JS frame :: chrome://remote/content/cdp/observers/TargetObserver.jsm :: stop :: line 64"  data: no] Stack trace: stop()@TargetObserver.jsm:64
unwatchForTabs()@TargetList.jsm:70
unwatchForTargets()@TargetList.jsm:37
destructor()@TargetList.jsm:109
close()@RemoteAgent.jsm:136
